{"/Users/jasmainewilliams/Documents/GitHub/fuel-quote-app/server/server.js": {"path":"/Users/jasmainewilliams/Documents/GitHub/fuel-quote-app/server/server.js","statementMap":{"0":{"start":{"line":1,"column":0},"end":{"line":1,"column":27}},"1":{"start":{"line":2,"column":16},"end":{"line":2,"column":34}},"2":{"start":{"line":3,"column":13},"end":{"line":3,"column":28}},"3":{"start":{"line":4,"column":14},"end":{"line":4,"column":30}},"4":{"start":{"line":5,"column":25},"end":{"line":5,"column":66}},"5":{"start":{"line":6,"column":24},"end":{"line":6,"column":64}},"6":{"start":{"line":7,"column":26},"end":{"line":7,"column":68}},"7":{"start":{"line":8,"column":27},"end":{"line":8,"column":70}},"8":{"start":{"line":9,"column":12},"end":{"line":9,"column":21}},"9":{"start":{"line":10,"column":13},"end":{"line":10,"column":29}},"10":{"start":{"line":13,"column":11},"end":{"line":19,"column":6}},"11":{"start":{"line":21,"column":0},"end":{"line":30,"column":3}},"12":{"start":{"line":22,"column":4},"end":{"line":23,"column":52}},"13":{"start":{"line":22,"column":13},"end":{"line":22,"column":23}},"14":{"start":{"line":23,"column":9},"end":{"line":23,"column":51}},"15":{"start":{"line":25,"column":4},"end":{"line":29,"column":7}},"16":{"start":{"line":27,"column":8},"end":{"line":27,"column":27}},"17":{"start":{"line":27,"column":17},"end":{"line":27,"column":27}},"18":{"start":{"line":32,"column":0},"end":{"line":32,"column":24}},"19":{"start":{"line":33,"column":0},"end":{"line":33,"column":16}},"20":{"start":{"line":35,"column":0},"end":{"line":35,"column":37}},"21":{"start":{"line":36,"column":0},"end":{"line":36,"column":35}},"22":{"start":{"line":37,"column":0},"end":{"line":37,"column":41}},"23":{"start":{"line":41,"column":0},"end":{"line":49,"column":3}},"24":{"start":{"line":42,"column":4},"end":{"line":42,"column":27}},"25":{"start":{"line":43,"column":4},"end":{"line":43,"column":26}},"26":{"start":{"line":44,"column":4},"end":{"line":44,"column":26}},"27":{"start":{"line":52,"column":0},"end":{"line":52,"column":70}},"28":{"start":{"line":52,"column":23},"end":{"line":52,"column":68}},"29":{"start":{"line":54,"column":0},"end":{"line":54,"column":21}}},"fnMap":{"0":{"name":"(anonymous_0)","decl":{"start":{"line":21,"column":11},"end":{"line":21,"column":12}},"loc":{"start":{"line":21,"column":20},"end":{"line":30,"column":1}},"line":21},"1":{"name":"(anonymous_1)","decl":{"start":{"line":25,"column":73},"end":{"line":25,"column":74}},"loc":{"start":{"line":26,"column":4},"end":{"line":29,"column":5}},"line":26},"2":{"name":"(anonymous_2)","decl":{"start":{"line":41,"column":8},"end":{"line":41,"column":9}},"loc":{"start":{"line":41,"column":33},"end":{"line":49,"column":1}},"line":41},"3":{"name":"(anonymous_3)","decl":{"start":{"line":52,"column":17},"end":{"line":52,"column":18}},"loc":{"start":{"line":52,"column":23},"end":{"line":52,"column":68}},"line":52}},"branchMap":{"0":{"loc":{"start":{"line":22,"column":4},"end":{"line":23,"column":52}},"type":"if","locations":[{"start":{"line":22,"column":4},"end":{"line":23,"column":52}},{"start":{"line":23,"column":8},"end":{"line":23,"column":52}}],"line":22},"1":{"loc":{"start":{"line":27,"column":8},"end":{"line":27,"column":27}},"type":"if","locations":[{"start":{"line":27,"column":8},"end":{"line":27,"column":27}},{"start":{},"end":{}}],"line":27}},"s":{"0":1,"1":1,"2":1,"3":1,"4":1,"5":1,"6":1,"7":1,"8":1,"9":1,"10":1,"11":1,"12":1,"13":0,"14":1,"15":1,"16":1,"17":0,"18":1,"19":1,"20":1,"21":1,"22":1,"23":1,"24":1,"25":1,"26":1,"27":1,"28":1,"29":1},"f":{"0":1,"1":1,"2":1,"3":1},"b":{"0":[0,1],"1":[0,1]},"_coverageSchema":"1a1c01bbd47fc00a2c39e90264f33305004495a9","hash":"cfa665109cdadf4a5af5aa7ead91ae1dc63fe528"}
,"/Users/jasmainewilliams/Documents/GitHub/fuel-quote-app/server/controllers/loginController.js": {"path":"/Users/jasmainewilliams/Documents/GitHub/fuel-quote-app/server/controllers/loginController.js","statementMap":{"0":{"start":{"line":1,"column":16},"end":{"line":1,"column":34}},"1":{"start":{"line":2,"column":15},"end":{"line":2,"column":31}},"2":{"start":{"line":4,"column":13},"end":{"line":9,"column":1}},"3":{"start":{"line":11,"column":0},"end":{"line":13,"column":3}},"4":{"start":{"line":12,"column":4},"end":{"line":12,"column":20}},"5":{"start":{"line":15,"column":0},"end":{"line":29,"column":3}},"6":{"start":{"line":16,"column":4},"end":{"line":19,"column":5}},"7":{"start":{"line":17,"column":8},"end":{"line":17,"column":56}},"8":{"start":{"line":18,"column":8},"end":{"line":18,"column":15}},"9":{"start":{"line":21,"column":18},"end":{"line":25,"column":5}},"10":{"start":{"line":27,"column":4},"end":{"line":27,"column":23}},"11":{"start":{"line":28,"column":4},"end":{"line":28,"column":20}},"12":{"start":{"line":31,"column":0},"end":{"line":31,"column":24}}},"fnMap":{"0":{"name":"(anonymous_0)","decl":{"start":{"line":11,"column":16},"end":{"line":11,"column":17}},"loc":{"start":{"line":11,"column":30},"end":{"line":13,"column":1}},"line":11},"1":{"name":"(anonymous_1)","decl":{"start":{"line":15,"column":17},"end":{"line":15,"column":18}},"loc":{"start":{"line":15,"column":31},"end":{"line":29,"column":1}},"line":15}},"branchMap":{"0":{"loc":{"start":{"line":16,"column":4},"end":{"line":19,"column":5}},"type":"if","locations":[{"start":{"line":16,"column":4},"end":{"line":19,"column":5}},{"start":{},"end":{}}],"line":16},"1":{"loc":{"start":{"line":16,"column":8},"end":{"line":16,"column":48}},"type":"binary-expr","locations":[{"start":{"line":16,"column":8},"end":{"line":16,"column":26}},{"start":{"line":16,"column":30},"end":{"line":16,"column":48}}],"line":16}},"s":{"0":1,"1":1,"2":1,"3":1,"4":1,"5":1,"6":1,"7":0,"8":0,"9":1,"10":1,"11":1,"12":1},"f":{"0":1,"1":1},"b":{"0":[0,1],"1":[1,1]},"_coverageSchema":"1a1c01bbd47fc00a2c39e90264f33305004495a9","hash":"2154a154a23933ccb71ec6035575a54b2fa1ea1c"}
,"/Users/jasmainewilliams/Documents/GitHub/fuel-quote-app/server/controllers/profileController.js": {"path":"/Users/jasmainewilliams/Documents/GitHub/fuel-quote-app/server/controllers/profileController.js","statementMap":{},"fnMap":{},"branchMap":{},"s":{},"f":{},"b":{},"_coverageSchema":"1a1c01bbd47fc00a2c39e90264f33305004495a9","hash":"b822790aa47e7385ad947d436d03573d9316da3d"}
,"/Users/jasmainewilliams/Documents/GitHub/fuel-quote-app/server/controllers/quotesController.js": {"path":"/Users/jasmainewilliams/Documents/GitHub/fuel-quote-app/server/controllers/quotesController.js","statementMap":{"0":{"start":{"line":1,"column":16},"end":{"line":1,"column":34}},"1":{"start":{"line":2,"column":15},"end":{"line":2,"column":31}},"2":{"start":{"line":4,"column":11},"end":{"line":7,"column":1}},"3":{"start":{"line":9,"column":13},"end":{"line":12,"column":1}},"4":{"start":{"line":15,"column":0},"end":{"line":17,"column":3}},"5":{"start":{"line":16,"column":4},"end":{"line":16,"column":21}},"6":{"start":{"line":20,"column":0},"end":{"line":26,"column":3}},"7":{"start":{"line":21,"column":17},"end":{"line":21,"column":21}},"8":{"start":{"line":23,"column":4},"end":{"line":23,"column":66}},"9":{"start":{"line":23,"column":15},"end":{"line":23,"column":66}},"10":{"start":{"line":25,"column":4},"end":{"line":25,"column":19}},"11":{"start":{"line":29,"column":0},"end":{"line":49,"column":3}},"12":{"start":{"line":30,"column":4},"end":{"line":33,"column":5}},"13":{"start":{"line":31,"column":8},"end":{"line":31,"column":56}},"14":{"start":{"line":32,"column":8},"end":{"line":32,"column":15}},"15":{"start":{"line":36,"column":18},"end":{"line":36,"column":28}},"16":{"start":{"line":38,"column":18},"end":{"line":45,"column":5}},"17":{"start":{"line":47,"column":4},"end":{"line":47,"column":23}},"18":{"start":{"line":48,"column":4},"end":{"line":48,"column":20}},"19":{"start":{"line":51,"column":0},"end":{"line":51,"column":24}}},"fnMap":{"0":{"name":"(anonymous_0)","decl":{"start":{"line":15,"column":16},"end":{"line":15,"column":17}},"loc":{"start":{"line":15,"column":30},"end":{"line":17,"column":1}},"line":15},"1":{"name":"(anonymous_1)","decl":{"start":{"line":20,"column":20},"end":{"line":20,"column":21}},"loc":{"start":{"line":20,"column":34},"end":{"line":26,"column":1}},"line":20},"2":{"name":"(anonymous_2)","decl":{"start":{"line":29,"column":17},"end":{"line":29,"column":18}},"loc":{"start":{"line":29,"column":31},"end":{"line":49,"column":1}},"line":29}},"branchMap":{"0":{"loc":{"start":{"line":23,"column":4},"end":{"line":23,"column":66}},"type":"if","locations":[{"start":{"line":23,"column":4},"end":{"line":23,"column":66}},{"start":{},"end":{}}],"line":23},"1":{"loc":{"start":{"line":30,"column":4},"end":{"line":33,"column":5}},"type":"if","locations":[{"start":{"line":30,"column":4},"end":{"line":33,"column":5}},{"start":{},"end":{}}],"line":30},"2":{"loc":{"start":{"line":30,"column":8},"end":{"line":30,"column":51}},"type":"binary-expr","locations":[{"start":{"line":30,"column":8},"end":{"line":30,"column":25}},{"start":{"line":30,"column":29},"end":{"line":30,"column":51}}],"line":30}},"s":{"0":1,"1":1,"2":1,"3":1,"4":1,"5":1,"6":1,"7":1,"8":1,"9":0,"10":1,"11":1,"12":1,"13":0,"14":0,"15":1,"16":1,"17":1,"18":1,"19":1},"f":{"0":1,"1":1,"2":1},"b":{"0":[0,1],"1":[0,1],"2":[1,1]},"_coverageSchema":"1a1c01bbd47fc00a2c39e90264f33305004495a9","hash":"32ff5e46d6c4f393a2200d8d1b2bce9842b11e16"}
,"/Users/jasmainewilliams/Documents/GitHub/fuel-quote-app/server/controllers/registerController.js": {"path":"/Users/jasmainewilliams/Documents/GitHub/fuel-quote-app/server/controllers/registerController.js","statementMap":{"0":{"start":{"line":1,"column":16},"end":{"line":1,"column":34}},"1":{"start":{"line":2,"column":15},"end":{"line":2,"column":31}},"2":{"start":{"line":4,"column":16},"end":{"line":10,"column":1}},"3":{"start":{"line":12,"column":0},"end":{"line":14,"column":3}},"4":{"start":{"line":13,"column":4},"end":{"line":13,"column":24}},"5":{"start":{"line":16,"column":0},"end":{"line":31,"column":3}},"6":{"start":{"line":17,"column":4},"end":{"line":20,"column":5}},"7":{"start":{"line":18,"column":8},"end":{"line":18,"column":56}},"8":{"start":{"line":19,"column":8},"end":{"line":19,"column":15}},"9":{"start":{"line":22,"column":21},"end":{"line":27,"column":5}},"10":{"start":{"line":29,"column":4},"end":{"line":29,"column":29}},"11":{"start":{"line":30,"column":4},"end":{"line":30,"column":23}},"12":{"start":{"line":33,"column":0},"end":{"line":33,"column":24}}},"fnMap":{"0":{"name":"(anonymous_0)","decl":{"start":{"line":12,"column":16},"end":{"line":12,"column":17}},"loc":{"start":{"line":12,"column":30},"end":{"line":14,"column":1}},"line":12},"1":{"name":"(anonymous_1)","decl":{"start":{"line":16,"column":17},"end":{"line":16,"column":18}},"loc":{"start":{"line":16,"column":31},"end":{"line":31,"column":1}},"line":16}},"branchMap":{"0":{"loc":{"start":{"line":17,"column":4},"end":{"line":20,"column":5}},"type":"if","locations":[{"start":{"line":17,"column":4},"end":{"line":20,"column":5}},{"start":{},"end":{}}],"line":17},"1":{"loc":{"start":{"line":17,"column":8},"end":{"line":17,"column":77}},"type":"binary-expr","locations":[{"start":{"line":17,"column":8},"end":{"line":17,"column":26}},{"start":{"line":17,"column":30},"end":{"line":17,"column":48}},{"start":{"line":17,"column":52},"end":{"line":17,"column":77}}],"line":17}},"s":{"0":1,"1":1,"2":1,"3":1,"4":0,"5":1,"6":0,"7":0,"8":0,"9":0,"10":0,"11":0,"12":1},"f":{"0":0,"1":0},"b":{"0":[0,0],"1":[0,0,0]},"_coverageSchema":"1a1c01bbd47fc00a2c39e90264f33305004495a9","hash":"e888200aae99b0bebe9d6cab578d99048d116025"}
}
