{"Z:\\_School\\_Spring_2023\\Software_Design\\Project\\fuel-quote-app\\server\\server.js": {"path":"Z:\\_School\\_Spring_2023\\Software_Design\\Project\\fuel-quote-app\\server\\server.js","statementMap":{"0":{"start":{"line":1,"column":0},"end":{"line":1,"column":27}},"1":{"start":{"line":2,"column":16},"end":{"line":2,"column":34}},"2":{"start":{"line":3,"column":13},"end":{"line":3,"column":28}},"3":{"start":{"line":4,"column":14},"end":{"line":4,"column":30}},"4":{"start":{"line":5,"column":25},"end":{"line":5,"column":66}},"5":{"start":{"line":6,"column":12},"end":{"line":6,"column":21}},"6":{"start":{"line":7,"column":13},"end":{"line":7,"column":29}},"7":{"start":{"line":10,"column":11},"end":{"line":16,"column":6}},"8":{"start":{"line":18,"column":0},"end":{"line":27,"column":3}},"9":{"start":{"line":19,"column":4},"end":{"line":19,"column":23}},"10":{"start":{"line":19,"column":13},"end":{"line":19,"column":23}},"11":{"start":{"line":22,"column":4},"end":{"line":26,"column":7}},"12":{"start":{"line":24,"column":8},"end":{"line":24,"column":27}},"13":{"start":{"line":24,"column":17},"end":{"line":24,"column":27}},"14":{"start":{"line":29,"column":0},"end":{"line":29,"column":24}},"15":{"start":{"line":30,"column":0},"end":{"line":30,"column":16}},"16":{"start":{"line":32,"column":0},"end":{"line":45,"column":7}},"17":{"start":{"line":33,"column":33},"end":{"line":33,"column":42}},"18":{"start":{"line":35,"column":18},"end":{"line":35,"column":137}},"19":{"start":{"line":37,"column":4},"end":{"line":44,"column":11}},"20":{"start":{"line":38,"column":8},"end":{"line":38,"column":30}},"21":{"start":{"line":38,"column":18},"end":{"line":38,"column":30}},"22":{"start":{"line":39,"column":8},"end":{"line":43,"column":9}},"23":{"start":{"line":40,"column":12},"end":{"line":40,"column":41}},"24":{"start":{"line":42,"column":12},"end":{"line":42,"column":53}},"25":{"start":{"line":49,"column":0},"end":{"line":51,"column":3}},"26":{"start":{"line":50,"column":4},"end":{"line":50,"column":24}},"27":{"start":{"line":53,"column":0},"end":{"line":53,"column":37}},"28":{"start":{"line":57,"column":0},"end":{"line":65,"column":3}},"29":{"start":{"line":58,"column":4},"end":{"line":58,"column":27}},"30":{"start":{"line":59,"column":4},"end":{"line":59,"column":26}},"31":{"start":{"line":60,"column":4},"end":{"line":60,"column":26}},"32":{"start":{"line":62,"column":4},"end":{"line":64,"column":7}},"33":{"start":{"line":68,"column":0},"end":{"line":68,"column":70}},"34":{"start":{"line":68,"column":23},"end":{"line":68,"column":68}},"35":{"start":{"line":70,"column":0},"end":{"line":70,"column":21}}},"fnMap":{"0":{"name":"(anonymous_0)","decl":{"start":{"line":18,"column":11},"end":{"line":18,"column":12}},"loc":{"start":{"line":18,"column":20},"end":{"line":27,"column":1}},"line":18},"1":{"name":"(anonymous_1)","decl":{"start":{"line":22,"column":73},"end":{"line":22,"column":74}},"loc":{"start":{"line":23,"column":4},"end":{"line":26,"column":5}},"line":23},"2":{"name":"(anonymous_2)","decl":{"start":{"line":32,"column":18},"end":{"line":32,"column":19}},"loc":{"start":{"line":32,"column":32},"end":{"line":45,"column":5}},"line":32},"3":{"name":"(anonymous_3)","decl":{"start":{"line":37,"column":20},"end":{"line":37,"column":21}},"loc":{"start":{"line":37,"column":39},"end":{"line":44,"column":9}},"line":37},"4":{"name":"(anonymous_4)","decl":{"start":{"line":49,"column":13},"end":{"line":49,"column":14}},"loc":{"start":{"line":49,"column":27},"end":{"line":51,"column":1}},"line":49},"5":{"name":"(anonymous_5)","decl":{"start":{"line":57,"column":8},"end":{"line":57,"column":9}},"loc":{"start":{"line":57,"column":33},"end":{"line":65,"column":1}},"line":57},"6":{"name":"(anonymous_6)","decl":{"start":{"line":68,"column":17},"end":{"line":68,"column":18}},"loc":{"start":{"line":68,"column":23},"end":{"line":68,"column":68}},"line":68}},"branchMap":{"0":{"loc":{"start":{"line":19,"column":4},"end":{"line":19,"column":23}},"type":"if","locations":[{"start":{"line":19,"column":4},"end":{"line":19,"column":23}},{"start":{},"end":{}}],"line":19},"1":{"loc":{"start":{"line":24,"column":8},"end":{"line":24,"column":27}},"type":"if","locations":[{"start":{"line":24,"column":8},"end":{"line":24,"column":27}},{"start":{},"end":{}}],"line":24},"2":{"loc":{"start":{"line":38,"column":8},"end":{"line":38,"column":30}},"type":"if","locations":[{"start":{"line":38,"column":8},"end":{"line":38,"column":30}},{"start":{},"end":{}}],"line":38},"3":{"loc":{"start":{"line":39,"column":8},"end":{"line":43,"column":9}},"type":"if","locations":[{"start":{"line":39,"column":8},"end":{"line":43,"column":9}},{"start":{"line":41,"column":14},"end":{"line":43,"column":9}}],"line":39}},"s":{"0":1,"1":1,"2":1,"3":1,"4":1,"5":1,"6":1,"7":1,"8":1,"9":1,"10":0,"11":1,"12":1,"13":0,"14":1,"15":1,"16":1,"17":2,"18":2,"19":2,"20":2,"21":0,"22":2,"23":1,"24":1,"25":1,"26":1,"27":1,"28":1,"29":0,"30":0,"31":0,"32":0,"33":1,"34":1,"35":1},"f":{"0":1,"1":1,"2":2,"3":2,"4":1,"5":0,"6":1},"b":{"0":[0,1],"1":[0,1],"2":[0,2],"3":[1,1]},"_coverageSchema":"1a1c01bbd47fc00a2c39e90264f33305004495a9","hash":"a99853c1a1ab9da5a872c7972633d93788819e23"}
,"Z:\\_School\\_Spring_2023\\Software_Design\\Project\\fuel-quote-app\\server\\controllers\\quotesController.js": {"path":"Z:\\_School\\_Spring_2023\\Software_Design\\Project\\fuel-quote-app\\server\\controllers\\quotesController.js","statementMap":{"0":{"start":{"line":1,"column":16},"end":{"line":1,"column":34}},"1":{"start":{"line":2,"column":15},"end":{"line":2,"column":31}},"2":{"start":{"line":4,"column":11},"end":{"line":7,"column":1}},"3":{"start":{"line":9,"column":13},"end":{"line":12,"column":1}},"4":{"start":{"line":15,"column":0},"end":{"line":17,"column":3}},"5":{"start":{"line":16,"column":4},"end":{"line":16,"column":21}},"6":{"start":{"line":20,"column":0},"end":{"line":26,"column":3}},"7":{"start":{"line":21,"column":17},"end":{"line":21,"column":21}},"8":{"start":{"line":23,"column":4},"end":{"line":23,"column":66}},"9":{"start":{"line":23,"column":15},"end":{"line":23,"column":66}},"10":{"start":{"line":25,"column":4},"end":{"line":25,"column":19}},"11":{"start":{"line":29,"column":0},"end":{"line":49,"column":3}},"12":{"start":{"line":30,"column":4},"end":{"line":33,"column":5}},"13":{"start":{"line":31,"column":8},"end":{"line":31,"column":56}},"14":{"start":{"line":32,"column":8},"end":{"line":32,"column":15}},"15":{"start":{"line":36,"column":18},"end":{"line":36,"column":28}},"16":{"start":{"line":38,"column":18},"end":{"line":45,"column":5}},"17":{"start":{"line":47,"column":4},"end":{"line":47,"column":23}},"18":{"start":{"line":48,"column":4},"end":{"line":48,"column":20}},"19":{"start":{"line":51,"column":0},"end":{"line":51,"column":24}}},"fnMap":{"0":{"name":"(anonymous_0)","decl":{"start":{"line":15,"column":16},"end":{"line":15,"column":17}},"loc":{"start":{"line":15,"column":30},"end":{"line":17,"column":1}},"line":15},"1":{"name":"(anonymous_1)","decl":{"start":{"line":20,"column":20},"end":{"line":20,"column":21}},"loc":{"start":{"line":20,"column":34},"end":{"line":26,"column":1}},"line":20},"2":{"name":"(anonymous_2)","decl":{"start":{"line":29,"column":17},"end":{"line":29,"column":18}},"loc":{"start":{"line":29,"column":31},"end":{"line":49,"column":1}},"line":29}},"branchMap":{"0":{"loc":{"start":{"line":23,"column":4},"end":{"line":23,"column":66}},"type":"if","locations":[{"start":{"line":23,"column":4},"end":{"line":23,"column":66}},{"start":{},"end":{}}],"line":23},"1":{"loc":{"start":{"line":30,"column":4},"end":{"line":33,"column":5}},"type":"if","locations":[{"start":{"line":30,"column":4},"end":{"line":33,"column":5}},{"start":{},"end":{}}],"line":30},"2":{"loc":{"start":{"line":30,"column":8},"end":{"line":30,"column":51}},"type":"binary-expr","locations":[{"start":{"line":30,"column":8},"end":{"line":30,"column":25}},{"start":{"line":30,"column":29},"end":{"line":30,"column":51}}],"line":30}},"s":{"0":1,"1":1,"2":1,"3":1,"4":1,"5":1,"6":1,"7":1,"8":1,"9":0,"10":1,"11":1,"12":1,"13":0,"14":0,"15":1,"16":1,"17":1,"18":1,"19":1},"f":{"0":1,"1":1,"2":1},"b":{"0":[0,1],"1":[0,1],"2":[1,1]},"_coverageSchema":"1a1c01bbd47fc00a2c39e90264f33305004495a9","hash":"2f5ec233ac3cb13a60d0a93e85b1a7aba940c02a"}
}
