TN:
SF:server.js
FN:21,(anonymous_0)
FN:25,(anonymous_1)
FN:41,(anonymous_2)
FN:52,(anonymous_3)
FNF:4
FNH:3
FNDA:1,(anonymous_0)
FNDA:1,(anonymous_1)
FNDA:0,(anonymous_2)
FNDA:1,(anonymous_3)
DA:1,1
DA:2,1
DA:3,1
DA:4,1
DA:5,1
DA:6,1
DA:7,1
DA:8,1
DA:9,1
DA:10,1
DA:13,1
DA:21,1
DA:22,1
DA:23,1
DA:25,1
DA:27,1
DA:32,1
DA:33,1
DA:35,1
DA:36,1
DA:37,1
DA:38,1
DA:41,1
DA:42,0
DA:43,0
DA:44,0
DA:52,1
DA:54,1
LF:28
LH:25
BRDA:22,0,0,0
BRDA:22,0,1,1
BRDA:27,1,0,0
BRDA:27,1,1,1
BRF:4
BRH:2
end_of_record
TN:
SF:controllers\loginController.js
FN:22,(anonymous_0)
FN:26,(anonymous_1)
FN:33,(anonymous_2)
FN:37,(anonymous_3)
FN:46,(anonymous_4)
FN:51,(anonymous_5)
FNF:6
FNH:5
FNDA:1,(anonymous_0)
FNDA:1,(anonymous_1)
FNDA:0,(anonymous_2)
FNDA:2,(anonymous_3)
FNDA:2,(anonymous_4)
FNDA:1,(anonymous_5)
DA:1,1
DA:2,1
DA:3,1
DA:4,1
DA:5,1
DA:8,1
DA:14,1
DA:22,1
DA:23,1
DA:26,1
DA:28,1
DA:33,1
DA:34,0
DA:37,1
DA:38,2
DA:39,0
DA:40,0
DA:43,2
DA:44,2
DA:46,2
DA:47,2
DA:49,2
DA:50,1
DA:51,1
DA:52,1
DA:53,1
DA:54,1
DA:56,1
DA:57,1
DA:58,1
DA:63,0
DA:69,1
DA:75,1
LF:33
LH:29
BRDA:23,0,0,0
BRDA:23,0,1,1
BRDA:28,1,0,0
BRDA:28,1,1,1
BRDA:38,2,0,0
BRDA:38,2,1,2
BRDA:38,3,0,2
BRDA:38,3,1,2
BRDA:47,4,0,0
BRDA:47,4,1,2
BRDA:49,5,0,1
BRDA:49,5,1,1
BRDA:52,6,0,0
BRDA:52,6,1,1
BRDA:54,7,0,1
BRDA:54,7,1,0
BRF:16
BRH:10
end_of_record
TN:
SF:controllers\profileController.js
FN:18,(anonymous_0)
FN:22,(anonymous_1)
FN:30,(anonymous_2)
FN:65,(anonymous_3)
FNF:4
FNH:2
FNDA:1,(anonymous_0)
FNDA:1,(anonymous_1)
FNDA:0,(anonymous_2)
FNDA:0,(anonymous_3)
DA:1,1
DA:2,1
DA:3,1
DA:5,1
DA:10,1
DA:18,1
DA:19,1
DA:20,1
DA:22,1
DA:24,1
DA:30,1
DA:31,0
DA:32,0
DA:33,0
DA:36,0
DA:37,0
DA:38,0
DA:39,0
DA:40,0
DA:41,0
DA:43,0
DA:45,0
DA:46,0
DA:48,0
DA:50,0
DA:51,0
DA:53,0
DA:55,0
DA:56,0
DA:58,0
DA:60,0
DA:61,0
DA:63,0
DA:65,0
DA:66,0
DA:68,0
DA:78,0
DA:79,0
DA:83,1
LF:39
LH:12
BRDA:19,0,0,0
BRDA:19,0,1,1
BRDA:24,1,0,0
BRDA:24,1,1,1
BRDA:31,2,0,0
BRDA:31,2,1,0
BRDA:31,3,0,0
BRDA:31,3,1,0
BRDA:31,3,2,0
BRDA:31,3,3,0
BRDA:31,3,4,0
BRDA:31,3,5,0
BRDA:43,4,0,0
BRDA:43,4,1,0
BRDA:48,5,0,0
BRDA:48,5,1,0
BRDA:53,6,0,0
BRDA:53,6,1,0
BRDA:58,7,0,0
BRDA:58,7,1,0
BRDA:58,8,0,0
BRDA:58,8,1,0
BRDA:66,9,0,0
BRDA:66,9,1,0
BRF:24
BRH:2
end_of_record
TN:
SF:controllers\quotesController.js
FN:23,(anonymous_0)
FN:27,(anonymous_1)
FN:35,(anonymous_2)
FN:40,(anonymous_3)
FN:49,(anonymous_4)
FN:63,(anonymous_5)
FNF:6
FNH:6
FNDA:1,(anonymous_0)
FNDA:1,(anonymous_1)
FNDA:1,(anonymous_2)
FNDA:1,(anonymous_3)
FNDA:1,(anonymous_4)
FNDA:1,(anonymous_5)
DA:1,1
DA:2,1
DA:3,1
DA:5,1
DA:10,1
DA:15,1
DA:23,1
DA:24,1
DA:25,1
DA:27,1
DA:29,1
DA:35,1
DA:36,1
DA:40,1
DA:41,1
DA:43,1
DA:45,1
DA:49,1
DA:50,1
DA:51,0
DA:52,0
DA:55,1
DA:56,1
DA:57,1
DA:58,1
DA:59,1
DA:61,1
DA:63,1
DA:64,1
DA:66,1
DA:75,1
DA:76,1
DA:80,1
LF:33
LH:31
BRDA:24,0,0,0
BRDA:24,0,1,1
BRDA:29,1,0,0
BRDA:29,1,1,1
BRDA:43,2,0,0
BRDA:43,2,1,1
BRDA:50,3,0,0
BRDA:50,3,1,1
BRDA:50,4,0,1
BRDA:50,4,1,1
BRDA:64,5,0,0
BRDA:64,5,1,1
BRF:12
BRH:7
end_of_record
TN:
SF:controllers\registerController.js
FN:24,(anonymous_0)
FN:28,(anonymous_1)
FN:35,(anonymous_2)
FN:40,(anonymous_3)
FN:55,(anonymous_4)
FN:57,(anonymous_5)
FN:68,(anonymous_6)
FNF:7
FNH:5
FNDA:1,(anonymous_0)
FNDA:1,(anonymous_1)
FNDA:0,(anonymous_2)
FNDA:1,(anonymous_3)
FNDA:1,(anonymous_4)
FNDA:1,(anonymous_5)
FNDA:0,(anonymous_6)
DA:1,1
DA:2,1
DA:3,1
DA:4,1
DA:5,1
DA:8,1
DA:16,1
DA:24,1
DA:25,1
DA:26,1
DA:28,1
DA:30,1
DA:35,1
DA:36,0
DA:40,1
DA:41,1
DA:42,0
DA:43,0
DA:46,1
DA:47,1
DA:48,1
DA:50,1
DA:51,0
DA:52,0
DA:55,1
DA:56,1
DA:57,1
DA:59,1
DA:61,1
DA:63,1
DA:64,1
DA:67,1
DA:68,1
DA:69,0
DA:71,0
DA:77,0
DA:78,0
DA:84,1
LF:38
LH:29
BRDA:25,0,0,0
BRDA:25,0,1,1
BRDA:30,1,0,0
BRDA:30,1,1,1
BRDA:41,2,0,0
BRDA:41,2,1,1
BRDA:41,3,0,1
BRDA:41,3,1,1
BRDA:41,3,2,1
BRDA:50,4,0,0
BRDA:50,4,1,1
BRDA:56,5,0,0
BRDA:56,5,1,1
BRDA:59,6,0,0
BRDA:59,6,1,1
BRDA:61,7,0,1
BRDA:61,7,1,0
BRDA:69,8,0,0
BRDA:69,8,1,0
BRF:19
BRH:10
end_of_record
